                   :-) GROMACS - gmx mdrun, 2024.2-spack (-:

Copyright 1991-2024 The GROMACS Authors.
GROMACS is free software; you can redistribute it and/or modify it
under the terms of the GNU Lesser General Public License
as published by the Free Software Foundation; either version 2.1
of the License, or (at your option) any later version.

                         Current GROMACS contributors:
       Mark Abraham           Andrey Alekseenko           Vladimir Basov      
      Cathrine Bergh            Eliane Briand               Ania Brown        
      Mahesh Doijade            Giacomo Fiorin          Stefan Fleischmann    
      Sergey Gorelov         Gilles Gouaillardet            Alan Gray         
     M. Eric Irrgang         Farzaneh Jalalypour            Joe Jordan        
     Carsten Kutzner           Justin A. Lemkul          Magnus Lundborg      
       Pascal Merz              Vedran Miletic            Dmitry Morozov      
       Julien Nabet              Szilard Pall        Andrea Pasquadibisceglie 
    Michele Pellegrino          Hubert Santuz             Roland Schulz       
     Tatiana Shugaeva          Alexey Shvetsov            Philip Turner       
     Alessandra Villa      Sebastian Wingbermuehle  

                         Previous GROMACS contributors:
        Emile Apol             Rossen Apostolov           James Barnett       
        Paul Bauer          Herman J.C. Berendsen          Par Bjelkmar       
      Christian Blau          Viacheslav Bolnykh            Kevin Boyd        
    Aldert van Buuren          Carlo Camilloni           Rudi van Drunen      
      Anton Feenstra           Oliver Fleetwood            Vytas Gapsys       
       Gaurav Garg             Gerrit Groenhof            Bert de Groot       
      Anca Hamuraru           Vincent Hindriksen          Victor Holanda      
     Aleksei Iupinov          Christoph Junghans        Prashanth Kanduri     
   Dimitrios Karkoulis           Peter Kasson             Sebastian Kehl      
     Sebastian Keller             Jiri Kraus               Per Larsson        
      Viveca Lindahl            Erik Marklund           Pieter Meulenhoff     
      Teemu Murtola              Sander Pronk             Michael Shirts      
      Alfons Sijbers            Balint Soproni         David van der Spoel    
      Peter Tieleman            Carsten Uphoff             Jon Vincent        
     Teemu Virolainen         Christian Wennberg           Maarten Wolf       
      Artem Zhmurov       

                  Coordinated by the GROMACS project leaders:
                           Berk Hess and Erik Lindahl

GROMACS:      gmx mdrun, version 2024.2-spack
Executable:   /appl/spack/v018/install-tree/gcc-11.3.0/gromacs-2024.2-deyjnn/bin/gmx_mpi
Data prefix:  /appl/spack/v018/install-tree/gcc-11.3.0/gromacs-2024.2-deyjnn
Working dir:  /projappl/project_2010940/gromacs_tutorials/Lysozyme_in_Water/output/AKI/replica1
Process ID:   2874208
Command line:
  gmx_mpi mdrun -s mdrep1.tpr -deffnm mdrep1

GROMACS version:     2024.2-spack
Precision:           mixed
Memory model:        64 bit
MPI library:         MPI
MPI library version: Open MPI v4.1.4, package: Open MPI ilvonens@puhti-rhel8-test3.bullx Distribution, ident: 4.1.4, repo rev: v4.1.4, May 26, 2022
OpenMP support:      enabled (GMX_OPENMP_MAX_THREADS = 128)
GPU support:         disabled
SIMD instructions:   AVX_512
CPU FFT library:     fftw-3.3.10-sse2-avx-avx2-avx2_128-avx512
GPU FFT library:     none
Multi-GPU FFT:       none
RDTSCP usage:        enabled
TNG support:         enabled
Hwloc support:       hwloc-2.7.1
Tracing support:     disabled
C compiler:          /appl/spack/v018/spack/lib/spack/env/gcc/gcc GNU 11.3.0
C compiler flags:    -fexcess-precision=fast -funroll-all-loops -march=skylake-avx512 -Wno-missing-field-initializers -pthread -O3 -DNDEBUG
C++ compiler:        /appl/spack/v018/spack/lib/spack/env/gcc/g++ GNU 11.3.0
C++ compiler flags:  -fexcess-precision=fast -funroll-all-loops -march=skylake-avx512 -Wno-missing-field-initializers -pthread -Wno-cast-function-type-strict -fopenmp -O3 -DNDEBUG
BLAS library:        Internal
LAPACK library:      Internal


Running on 1 node with total 19 cores, 19 processing units
Hardware detected on host puhti-login15.bullx (the node of MPI rank 0):
  CPU info:
    Vendor: Intel
    Brand:  Intel(R) Xeon(R) Gold 6230 CPU @ 2.10GHz
    Family: 6   Model: 85   Stepping: 7
    Features: aes apic avx avx2 avx512f avx512cd avx512bw avx512vl avx512secondFMA clfsh cmov cx8 cx16 f16c fma hle intel lahf mmx msr pcid pclmuldq pdpe1gb popcnt pse rdrnd rdtscp rtm sse2 sse3 sse4.1 sse4.2 ssse3 tdt x2apic
    Number of AVX-512 FMA units: 2
  Hardware topology: Full, with devices
    Packages, cores, and logical processors:
    [indices refer to OS logical processors]
      Package  0: [   0]
      Package  1: [   1]
      Package  2: [   2]
      Package  3: [   3]
      Package  4: [   4]
      Package  5: [   5]
      Package  6: [   6]
      Package  7: [   7]
      Package  8: [   8]
      Package  9: [   9]
      Package 10: [  10]
      Package 11: [  11]
      Package 12: [  12]
      Package 13: [  13]
      Package 14: [  14]
      Package 15: [  15]
      Package 16: [  16]
      Package 17: [  17]
      Package 18: [  18]
    CPU limit set by OS: 4   Recommended max number of threads: 4
    Numa nodes:
      Node  0 (183244488704 bytes mem):   0   1   2   3   4   5   6   7   8   9  10  11  12  13  14  15  16  17  18
      Latency:
               0
         0  1.00
    Caches:
      L1: 32768 bytes, linesize 64 bytes, assoc. 8, shared 1 ways
      L2: 4194304 bytes, linesize 64 bytes, assoc. 16, shared 1 ways
      L3: 16777216 bytes, linesize 64 bytes, assoc. 16, shared 1 ways
    PCI devices:
      0000:00:01.1  Id: 8086:7010  Class: 0x0101  Numa: 0
      0000:00:02.0  Id: 1013:00b8  Class: 0x0300  Numa: 0
      0000:00:03.0  Id: 1af4:1000  Class: 0x0200  Numa: 0
      0000:00:04.0  Id: 1af4:1000  Class: 0x0200  Numa: 0
      0000:00:05.0  Id: 1af4:1001  Class: 0x0100  Numa: 0
      0000:00:06.0  Id: 1af4:1001  Class: 0x0100  Numa: 0
      0000:00:07.0  Id: 1af4:1001  Class: 0x0100  Numa: 0
      0000:00:08.0  Id: 1af4:1001  Class: 0x0100  Numa: 0
      0000:00:09.0  Id: 1af4:1001  Class: 0x0100  Numa: 0
      0000:00:0a.0  Id: 1af4:1001  Class: 0x0100  Numa: 0
      0000:00:0b.0  Id: 15b3:101c  Class: 0x0207  Numa: 0
      0000:00:0c.0  Id: 1af4:1002  Class: 0x00ff  Numa: 0


++++ PLEASE READ AND CITE THE FOLLOWING REFERENCE ++++
M. J. Abraham, T. Murtola, R. Schulz, S. Páll, J. C. Smith, B. Hess, E.
Lindahl
GROMACS: High performance molecular simulations through multi-level
parallelism from laptops to supercomputers
SoftwareX 1 (2015) pp. 19-25
-------- -------- --- Thank You --- -------- --------


++++ PLEASE READ AND CITE THE FOLLOWING REFERENCE ++++
S. Páll, M. J. Abraham, C. Kutzner, B. Hess, E. Lindahl
Tackling Exascale Software Challenges in Molecular Dynamics Simulations with
GROMACS
In S. Markidis & E. Laure (Eds.), Solving Software Challenges for Exascale 8759 (2015) pp. 3-27
-------- -------- --- Thank You --- -------- --------


++++ PLEASE READ AND CITE THE FOLLOWING REFERENCE ++++
S. Pronk, S. Páll, R. Schulz, P. Larsson, P. Bjelkmar, R. Apostolov, M. R.
Shirts, J. C. Smith, P. M. Kasson, D. van der Spoel, B. Hess, and E. Lindahl
GROMACS 4.5: a high-throughput and highly parallel open source molecular
simulation toolkit
Bioinformatics 29 (2013) pp. 845-54
-------- -------- --- Thank You --- -------- --------


++++ PLEASE READ AND CITE THE FOLLOWING REFERENCE ++++
B. Hess and C. Kutzner and D. van der Spoel and E. Lindahl
GROMACS 4: Algorithms for highly efficient, load-balanced, and scalable
molecular simulation
J. Chem. Theory Comput. 4 (2008) pp. 435-447
-------- -------- --- Thank You --- -------- --------


++++ PLEASE READ AND CITE THE FOLLOWING REFERENCE ++++
D. van der Spoel, E. Lindahl, B. Hess, G. Groenhof, A. E. Mark and H. J. C.
Berendsen
GROMACS: Fast, Flexible and Free
J. Comp. Chem. 26 (2005) pp. 1701-1719
-------- -------- --- Thank You --- -------- --------


++++ PLEASE READ AND CITE THE FOLLOWING REFERENCE ++++
E. Lindahl and B. Hess and D. van der Spoel
GROMACS 3.0: A package for molecular simulation and trajectory analysis
J. Mol. Mod. 7 (2001) pp. 306-317
-------- -------- --- Thank You --- -------- --------


++++ PLEASE READ AND CITE THE FOLLOWING REFERENCE ++++
H. J. C. Berendsen, D. van der Spoel and R. van Drunen
GROMACS: A message-passing parallel molecular dynamics implementation
Comp. Phys. Comm. 91 (1995) pp. 43-56
-------- -------- --- Thank You --- -------- --------


The number of OpenMP threads was set by environment variable OMP_NUM_THREADS to 1

Input Parameters:
   integrator                     = md
   tinit                          = 0
   dt                             = 0.002
   nsteps                         = 5000
   init-step                      = 0
   simulation-part                = 1
   mts                            = false
   mass-repartition-factor        = 1
   comm-mode                      = Linear
   nstcomm                        = 100
   bd-fric                        = 0
   ld-seed                        = 1976170476
   emtol                          = 10
   emstep                         = 0.01
   niter                          = 20
   fcstep                         = 0
   nstcgsteep                     = 1000
   nbfgscorr                      = 10
   rtpi                           = 0.05
   nstxout                        = 500
   nstvout                        = 500
   nstfout                        = 0
   nstlog                         = 500
   nstcalcenergy                  = 100
   nstenergy                      = 500
   nstxout-compressed             = 500
   compressed-x-precision         = 1000
   cutoff-scheme                  = Verlet
   nstlist                        = 10
   pbc                            = xyz
   periodic-molecules             = false
   verlet-buffer-tolerance        = 0.005
   verlet-buffer-pressure-tolerance = 0.5
   rlist                          = 1.105
   coulombtype                    = Cut-off
   coulomb-modifier               = Potential-shift
   rcoulomb-switch                = 0
   rcoulomb                       = 1
   epsilon-r                      = 1
   epsilon-rf                     = inf
   vdw-type                       = Cut-off
   vdw-modifier                   = Potential-shift
   rvdw-switch                    = 0
   rvdw                           = 1
   DispCorr                       = No
   table-extension                = 1
   fourierspacing                 = 0.12
   fourier-nx                     = 0
   fourier-ny                     = 0
   fourier-nz                     = 0
   pme-order                      = 4
   ewald-rtol                     = 1e-05
   ewald-rtol-lj                  = 0.001
   lj-pme-comb-rule               = Geometric
   ewald-geometry                 = 3d
   epsilon-surface                = 0
   ensemble-temperature-setting   = not available
   tcoupl                         = No
   nsttcouple                     = -1
   nh-chain-length                = 0
   print-nose-hoover-chain-variables = false
   pcoupl                         = No
   refcoord-scaling               = No
   posres-com (3):
      posres-com[0]= 0.00000e+00
      posres-com[1]= 0.00000e+00
      posres-com[2]= 0.00000e+00
   posres-comB (3):
      posres-comB[0]= 0.00000e+00
      posres-comB[1]= 0.00000e+00
      posres-comB[2]= 0.00000e+00
   QMMM                           = false
qm-opts:
   ngQM                           = 0
   constraint-algorithm           = Lincs
   continuation                   = false
   Shake-SOR                      = false
   shake-tol                      = 0.0001
   lincs-order                    = 4
   lincs-iter                     = 1
   lincs-warnangle                = 30
   nwall                          = 0
   wall-type                      = 9-3
   wall-r-linpot                  = -1
   wall-atomtype[0]               = -1
   wall-atomtype[1]               = -1
   wall-density[0]                = 0
   wall-density[1]                = 0
   wall-ewald-zfac                = 3
   pull                           = false
   awh                            = false
   rotation                       = false
   interactiveMD                  = false
   disre                          = No
   disre-weighting                = Conservative
   disre-mixed                    = false
   dr-fc                          = 1000
   dr-tau                         = 0
   nstdisreout                    = 100
   orire-fc                       = 0
   orire-tau                      = 0
   nstorireout                    = 100
   free-energy                    = no
   cos-acceleration               = 0
   deform (3x3):
      deform[    0]={ 0.00000e+00,  0.00000e+00,  0.00000e+00}
      deform[    1]={ 0.00000e+00,  0.00000e+00,  0.00000e+00}
      deform[    2]={ 0.00000e+00,  0.00000e+00,  0.00000e+00}
   simulated-tempering            = false
   swapcoords                     = no
   userint1                       = 0
   userint2                       = 0
   userint3                       = 0
   userint4                       = 0
   userreal1                      = 0
   userreal2                      = 0
   userreal3                      = 0
   userreal4                      = 0
   applied-forces:
     electric-field:
       x:
         E0                       = 0
         omega                    = 0
         t0                       = 0
         sigma                    = 0
       y:
         E0                       = 0
         omega                    = 0
         t0                       = 0
         sigma                    = 0
       z:
         E0                       = 0
         omega                    = 0
         t0                       = 0
         sigma                    = 0
     density-guided-simulation:
       active                     = false
       group                      = protein
       similarity-measure         = inner-product
       atom-spreading-weight      = unity
       force-constant             = 1e+09
       gaussian-transform-spreading-width = 0.2
       gaussian-transform-spreading-range-in-multiples-of-width = 4
       reference-density-filename = reference.mrc
       nst                        = 1
       normalize-densities        = true
       adaptive-force-scaling     = false
       adaptive-force-scaling-time-constant = 4
       shift-vector               = 
       transformation-matrix      = 
     qmmm-cp2k:
       active                     = false
       qmgroup                    = System
       qmmethod                   = PBE
       qmfilenames                = 
       qmcharge                   = 0
       qmmultiplicity             = 1
     colvars:
       active                     = false
       configfile                 = 
       seed                       = -1
grpopts:
   nrdf:       78717
   ref-t:           0
   tau-t:           0
annealing:          No
annealing-npoints:           0
   acc:	           0           0           0
   nfreeze:           N           N           N
   energygrp-flags[  0]: 0

Can not increase nstlist because an NVE ensemble is used
When checking whether update groups are usable:
  Domain decomposition is not active, so there is no need for update groups
Using 1 MPI process

Non-default thread affinity set, disabling internal thread affinity

Using 1 OpenMP thread 

System total charge: 0.000
Potential shift: LJ r^-12: -1.000e+00 r^-6: -1.000e+00, Coulomb -1e+00
Generated table with 1052 data points for 1-4 COUL.
Tabscale = 500 points/nm
Generated table with 1052 data points for 1-4 LJ6.
Tabscale = 500 points/nm
Generated table with 1052 data points for 1-4 LJ12.
Tabscale = 500 points/nm


Using SIMD2xMM 4x8 nonbonded short-range kernels

Using a 4x8 pair-list setup:
  updated every 10 steps, buffer 0.105 nm, rlist 1.105 nm

The average pressure is off by at most 0.00 bar due to missing LJ interactions

Using Lorentz-Berthelot Lennard-Jones combination rule
Removing pbc first time

++++ PLEASE READ AND CITE THE FOLLOWING REFERENCE ++++
S. Miyamoto and P. A. Kollman
SETTLE: An Analytical Version of the SHAKE and RATTLE Algorithms for Rigid
Water Models
J. Comp. Chem. 13 (1992) pp. 952-962
-------- -------- --- Thank You --- -------- --------

There are: 38376 Atoms

Constraining the starting coordinates (step 0)

Constraining the coordinates at t0-dt (step 0)
Center of mass motion removal mode is Linear
We have the following groups for center of mass motion removal:
  0:  rest
RMS relative constraint deviation after constraining: 0.00e+00
Initial temperature: 299.795 K

Started mdrun on rank 0 Sun Nov 16 21:48:06 2025

           Step           Time
              0        0.00000

   Energies (kJ/mol)
           Bond            U-B    Proper Dih.  Improper Dih.      CMAP Dih.
    1.61212e+03    4.46018e+03    2.91081e+03    2.89714e+02   -8.66613e+02
          LJ-14     Coulomb-14        LJ (SR)   Coulomb (SR)      Potential
    1.40267e+03    1.31688e+04    7.39120e+04   -5.98209e+05   -5.01319e+05
    Kinetic En.   Total Energy    Temperature Pressure (bar)
    9.98158e+04   -4.01504e+05    3.05019e+02    9.06862e+02

           Step           Time
            500        1.00000

   Energies (kJ/mol)
           Bond            U-B    Proper Dih.  Improper Dih.      CMAP Dih.
    2.94076e+03    5.02130e+03    3.08546e+03    3.35766e+02   -8.77732e+02
          LJ-14     Coulomb-14        LJ (SR)   Coulomb (SR)      Potential
    1.52253e+03    1.29124e+04    5.91536e+04   -6.22659e+05   -5.38565e+05
    Kinetic En.   Total Energy    Temperature Pressure (bar)
    1.46961e+05   -3.91604e+05    4.49086e+02    7.21733e+02

           Step           Time
           1000        2.00000

   Energies (kJ/mol)
           Bond            U-B    Proper Dih.  Improper Dih.      CMAP Dih.
    3.26683e+03    5.16243e+03    3.23141e+03    3.41316e+02   -8.65655e+02
          LJ-14     Coulomb-14        LJ (SR)   Coulomb (SR)      Potential
    1.49187e+03    1.28306e+04    5.79471e+04   -6.16146e+05   -5.32740e+05
    Kinetic En.   Total Energy    Temperature Pressure (bar)
    1.50688e+05   -3.82052e+05    4.60475e+02    9.72874e+02

           Step           Time
           1500        3.00000

   Energies (kJ/mol)
           Bond            U-B    Proper Dih.  Improper Dih.      CMAP Dih.
    3.36293e+03    5.47310e+03    3.16301e+03    3.69296e+02   -8.77367e+02
          LJ-14     Coulomb-14        LJ (SR)   Coulomb (SR)      Potential
    1.47479e+03    1.26667e+04    5.78630e+04   -6.10645e+05   -5.27150e+05
    Kinetic En.   Total Energy    Temperature Pressure (bar)
    1.55338e+05   -3.71812e+05    4.74684e+02    1.77057e+03

           Step           Time
           2000        4.00000

   Energies (kJ/mol)
           Bond            U-B    Proper Dih.  Improper Dih.      CMAP Dih.
    3.47081e+03    5.55825e+03    3.35223e+03    4.09121e+02   -8.54662e+02
          LJ-14     Coulomb-14        LJ (SR)   Coulomb (SR)      Potential
    1.51564e+03    1.30627e+04    5.75814e+04   -6.04737e+05   -5.20641e+05
    Kinetic En.   Total Energy    Temperature Pressure (bar)
    1.59144e+05   -3.61498e+05    4.86313e+02    1.90843e+03

           Step           Time
           2500        5.00000

   Energies (kJ/mol)
           Bond            U-B    Proper Dih.  Improper Dih.      CMAP Dih.
    3.50043e+03    5.65574e+03    3.27514e+03    4.01003e+02   -7.85023e+02
          LJ-14     Coulomb-14        LJ (SR)   Coulomb (SR)      Potential
    1.56057e+03    1.29628e+04    5.55497e+04   -5.96600e+05   -5.14479e+05
    Kinetic En.   Total Energy    Temperature Pressure (bar)
    1.63273e+05   -3.51206e+05    4.98933e+02    1.11892e+03

           Step           Time
           3000        6.00000

   Energies (kJ/mol)
           Bond            U-B    Proper Dih.  Improper Dih.      CMAP Dih.
    3.69641e+03    5.84406e+03    3.38070e+03    4.37989e+02   -8.62873e+02
          LJ-14     Coulomb-14        LJ (SR)   Coulomb (SR)      Potential
    1.56774e+03    1.31128e+04    5.70376e+04   -5.92333e+05   -5.08119e+05
    Kinetic En.   Total Energy    Temperature Pressure (bar)
    1.67398e+05   -3.40721e+05    5.11537e+02    1.64350e+03

           Step           Time
           3500        7.00000

   Energies (kJ/mol)
           Bond            U-B    Proper Dih.  Improper Dih.      CMAP Dih.
    3.92056e+03    6.19115e+03    3.27025e+03    4.36142e+02   -7.96329e+02
          LJ-14     Coulomb-14        LJ (SR)   Coulomb (SR)      Potential
    1.60421e+03    1.28563e+04    5.66161e+04   -5.84962e+05   -5.00863e+05
    Kinetic En.   Total Energy    Temperature Pressure (bar)
    1.71026e+05   -3.29837e+05    5.22624e+02    2.20603e+03

           Step           Time
           4000        8.00000

   Energies (kJ/mol)
           Bond            U-B    Proper Dih.  Improper Dih.      CMAP Dih.
    4.13120e+03    6.11570e+03    3.36166e+03    4.36029e+02   -8.77467e+02
          LJ-14     Coulomb-14        LJ (SR)   Coulomb (SR)      Potential
    1.61040e+03    1.31633e+04    5.58453e+04   -5.79378e+05   -4.95592e+05
    Kinetic En.   Total Energy    Temperature Pressure (bar)
    1.76664e+05   -3.18928e+05    5.39854e+02    2.57937e+03

           Step           Time
           4500        9.00000

   Energies (kJ/mol)
           Bond            U-B    Proper Dih.  Improper Dih.      CMAP Dih.
    4.17265e+03    6.25945e+03    3.47290e+03    4.70748e+02   -8.42599e+02
          LJ-14     Coulomb-14        LJ (SR)   Coulomb (SR)      Potential
    1.56607e+03    1.29070e+04    5.88561e+04   -5.75653e+05   -4.88791e+05
    Kinetic En.   Total Energy    Temperature Pressure (bar)
    1.81460e+05   -3.07330e+05    5.54509e+02    3.07722e+03

           Step           Time
           5000       10.00000

Writing checkpoint, step 5000 at Sun Nov 16 21:50:04 2025


   Energies (kJ/mol)
           Bond            U-B    Proper Dih.  Improper Dih.      CMAP Dih.
    4.39902e+03    6.46299e+03    3.48524e+03    4.27217e+02   -8.05192e+02
          LJ-14     Coulomb-14        LJ (SR)   Coulomb (SR)      Potential
    1.60294e+03    1.33658e+04    5.77029e+04   -5.66750e+05   -4.80110e+05
    Kinetic En.   Total Energy    Temperature Pressure (bar)
    1.83497e+05   -2.96612e+05    5.60734e+02    3.52902e+03


Energy conservation over simulation part #1 of length 10 ps, time 0 to 10 ps
  Conserved energy drift: 2.73e-01 kJ/mol/ps per atom


	<======  ###############  ==>
	<====  A V E R A G E S  ====>
	<==  ###############  ======>

	Statistics over 5001 steps using 51 frames

   Energies (kJ/mol)
           Bond            U-B    Proper Dih.  Improper Dih.      CMAP Dih.
    3.56454e+03    5.66071e+03    3.26764e+03    4.03866e+02   -8.35965e+02
          LJ-14     Coulomb-14        LJ (SR)   Coulomb (SR)      Potential
    1.54318e+03    1.30145e+04    5.79206e+04   -5.97384e+05   -5.12845e+05
    Kinetic En.   Total Energy    Temperature Pressure (bar)
    1.62474e+05   -3.50371e+05    4.96492e+02    1.95862e+03

   Total Virial (kJ/mol)
    3.03900e+04   -5.03548e+02   -9.72655e+01
   -5.03532e+02    3.14944e+04   -9.79452e+02
   -9.73349e+01   -9.79600e+02    3.19867e+04

   Pressure (bar)
    2.04006e+03    5.03767e+01    1.01231e+01
    5.03754e+01    1.93370e+03    8.18817e+01
    1.01290e+01    8.18943e+01    1.90211e+03


	M E G A - F L O P S   A C C O U N T I N G

 NB=Group-cutoff nonbonded kernels    NxN=N-by-N cluster Verlet kernels
 RF=Reaction-Field  VdW=Van der Waals  QSTab=quadratic-spline table
 W3=SPC/TIP3p  W4=TIP4p (single or pairs)
 V&F=Potential and force  V=Potential only  F=Force only

 Computing:                               M-Number         M-Flops  % Flops
-----------------------------------------------------------------------------
 Pair Search distance check            8285.220880       74566.988     1.9
 NxN RF Elec. + LJ [F]                58151.665728     2209763.298    56.1
 NxN RF Elec. + LJ [V&F]                599.090032       32350.862     0.8
 NxN RF Electrostatics [F]            50539.504608     1566724.643    39.8
 NxN RF Electrostatics [V&F]            520.784464       18748.241     0.5
 1,4 nonbonded interactions              25.535106        2298.160     0.1
 Shift-X                                 19.226376         115.358     0.0
 Bonds                                    9.921984         585.397     0.0
 Propers                                 20.964192        4800.800     0.1
 Impropers                                1.745349         363.033     0.0
 Virial                                   1.959471          35.270     0.0
 Stop-CM                                  1.995552          19.956     0.0
 Calc-Ekin                                3.914352         105.688     0.0
 Constraint-V                           182.112816        1639.015     0.0
 Constraint-Vir                           1.856808          44.563     0.0
 Settle                                  60.716408       22465.071     0.6
 CMAP                                     0.635127        1079.716     0.0
 Urey-Bradley                            17.738547        3246.154     0.1
-----------------------------------------------------------------------------
 Total                                                 3938952.211   100.0
-----------------------------------------------------------------------------


      R E A L   C Y C L E   A N D   T I M E   A C C O U N T I N G

On 1 MPI rank

 Activity:              Num   Num      Call    Wall time         Giga-Cycles
                        Ranks Threads  Count      (s)         total sum    %
--------------------------------------------------------------------------------
 Neighbor search           1    1        501      30.950         64.995  26.1
 Force                     1    1       5001      82.144        172.507  69.3
 NB X/F buffer ops.        1    1       9501       1.145          2.404   1.0
 Write traj.               1    1         11       0.682          1.433   0.6
 Update                    1    1       5001       0.806          1.692   0.7
 Constraints               1    1       5003       2.171          4.559   1.8
 Rest                                              0.586          1.230   0.5
--------------------------------------------------------------------------------
 Total                                           118.483        248.818 100.0
--------------------------------------------------------------------------------

NOTE: 26 % of the run time was spent in pair search,
      you might want to increase nstlist (this has no effect on accuracy)

               Core t (s)   Wall t (s)        (%)
       Time:      118.482      118.483      100.0
                 (ns/day)    (hour/ns)
Performance:        7.294        3.291
Finished mdrun on rank 0 Sun Nov 16 21:50:04 2025

